[debug] [2021-05-14T06:11:16.856Z] ----------------------------------------------------------------------
[debug] [2021-05-14T06:11:16.858Z] Command:       C:\Program Files\nodejs\node.exe C:\Users\SHREYANSH\AppData\Roaming\npm\node_modules\firebase-tools\lib\bin\firebase.js emulators:start --only functions
[debug] [2021-05-14T06:11:16.858Z] CLI Version:   9.10.2
[debug] [2021-05-14T06:11:16.858Z] Platform:      win32
[debug] [2021-05-14T06:11:16.858Z] Node Version:  v16.1.0
[debug] [2021-05-14T06:11:16.859Z] Time:          Fri May 14 2021 11:41:16 GMT+0530 (India Standard Time)
[debug] [2021-05-14T06:11:16.859Z] ----------------------------------------------------------------------
[debug] 
[debug] [2021-05-14T06:11:16.867Z] > command requires scopes: ["email","openid","https://www.googleapis.com/auth/cloudplatformprojects.readonly","https://www.googleapis.com/auth/firebase","https://www.googleapis.com/auth/cloud-platform"]
[debug] [2021-05-14T06:11:16.867Z] > authorizing via signed-in user (pshreyansh44@gmail.com)
[info] i  emulators: Starting emulators: functions {"metadata":{"emulator":{"name":"hub"},"message":"Starting emulators: functions"}}
[debug] [2021-05-14T06:11:16.896Z] [hub] writing locator at C:\Users\SHREYA~1\AppData\Local\Temp\hub-bookmbo.json
[warn] !  functions: The following emulators are not running, calls to these services from the Functions emulator will affect production: auth, firestore, database, hosting, pubsub {"metadata":{"emulator":{"name":"functions"},"message":"The following emulators are not running, calls to these services from the Functions emulator will affect production: \u001b[1mauth, firestore, database, hosting, pubsub\u001b[22m"}}
[warn] !  Your requested "node" version "12" doesn't match your global version "16" {"metadata":{"emulator":{"name":"functions"},"message":"Your requested \"node\" version \"12\" doesn't match your global version \"16\""}}
[debug] [2021-05-14T06:11:16.936Z] defaultcredentials: writing to file C:\Users\SHREYANSH\AppData\Roaming\firebase\pshreyansh44_gmail_com_application_default_credentials.json
[debug] [2021-05-14T06:11:16.942Z] Setting GAC to C:\Users\SHREYANSH\AppData\Roaming\firebase\pshreyansh44_gmail_com_application_default_credentials.json {"metadata":{"emulator":{"name":"functions"},"message":"Setting GAC to C:\\Users\\SHREYANSH\\AppData\\Roaming\\firebase\\pshreyansh44_gmail_com_application_default_credentials.json"}}
[debug] [2021-05-14T06:11:16.944Z] > refreshing access token with scopes: []
[debug] [2021-05-14T06:11:16.945Z] >>> HTTP REQUEST POST https://www.googleapis.com/oauth2/v3/token  
 <request body omitted>
[debug] [2021-05-14T06:11:17.184Z] <<< HTTP RESPONSE 200 {"cache-control":"no-cache, no-store, max-age=0, must-revalidate","expires":"Mon, 01 Jan 1990 00:00:00 GMT","date":"Fri, 14 May 2021 06:11:21 GMT","pragma":"no-cache","content-type":"application/json; charset=utf-8","vary":"X-Origin, Referer, Origin,Accept-Encoding","server":"scaffolding on HTTPServer2","x-xss-protection":"0","x-frame-options":"SAMEORIGIN","x-content-type-options":"nosniff","alt-svc":"h3-29=\":443\"; ma=2592000,h3-T051=\":443\"; ma=2592000,h3-Q050=\":443\"; ma=2592000,h3-Q046=\":443\"; ma=2592000,h3-Q043=\":443\"; ma=2592000,quic=\":443\"; ma=2592000; v=\"46,43\"","accept-ranges":"none","transfer-encoding":"chunked"}
[debug] [2021-05-14T06:11:17.194Z] >>> [apiv2][query] GET https://firebase.googleapis.com/v1beta1/projects/bookmbo/adminSdkConfig [none]
[debug] [2021-05-14T06:11:17.893Z] <<< [apiv2][status] GET https://firebase.googleapis.com/v1beta1/projects/bookmbo/adminSdkConfig 200
[debug] [2021-05-14T06:11:17.893Z] <<< [apiv2][body] GET https://firebase.googleapis.com/v1beta1/projects/bookmbo/adminSdkConfig {"projectId":"bookmbo","storageBucket":"bookmbo.appspot.com","locationId":"us-central"}
[warn] !  ui: Emulator UI unable to start on port 4000, starting on 4001 instead. {"metadata":{"emulator":{"name":"ui"},"message":"Emulator UI unable to start on port 4000, starting on 4001 instead."}}
[debug] [2021-05-14T06:11:17.941Z] Ignoring unsupported arg: auto_download {"metadata":{"emulator":{"name":"ui"},"message":"Ignoring unsupported arg: auto_download"}}
[debug] [2021-05-14T06:11:17.942Z] Ignoring unsupported arg: port {"metadata":{"emulator":{"name":"ui"},"message":"Ignoring unsupported arg: port"}}
[debug] [2021-05-14T06:11:17.942Z] Starting Emulator UI with command {"binary":"node","args":["C:\\Users\\SHREYANSH\\.cache\\firebase\\emulators\\ui-v1.4.2\\server.bundle.js"],"optionalArgs":[],"joinArgs":false} {"metadata":{"emulator":{"name":"ui"},"message":"Starting Emulator UI with command {\"binary\":\"node\",\"args\":[\"C:\\\\Users\\\\SHREYANSH\\\\.cache\\\\firebase\\\\emulators\\\\ui-v1.4.2\\\\server.bundle.js\"],\"optionalArgs\":[],\"joinArgs\":false}"}}
[info] i  ui: Emulator UI logging to ui-debug.log {"metadata":{"emulator":{"name":"ui"},"message":"Emulator UI logging to \u001b[1mui-debug.log\u001b[22m"}}
[debug] [2021-05-14T06:11:18.090Z] Web / API server started at http://localhost:4001
 {"metadata":{"emulator":{"name":"ui"},"message":"Web / API server started at http://localhost:4001\n"}}
[info] i  functions: Watching "E:\Projects\Web\bookmbo\functions" for Cloud Functions... {"metadata":{"emulator":{"name":"functions"},"message":"Watching \"E:\\Projects\\Web\\bookmbo\\functions\" for Cloud Functions..."}}
[debug] [2021-05-14T06:11:18.231Z] [worker-pool] addWorker(~diagnostic~) {"metadata":{"emulator":{"name":"functions"},"message":"[worker-pool] addWorker(~diagnostic~)"}}
[debug] [2021-05-14T06:11:18.232Z] [worker-pool] Adding worker with key ~diagnostic~, total=1 {"metadata":{"emulator":{"name":"functions"},"message":"[worker-pool] Adding worker with key ~diagnostic~, total=1"}}
[debug] [2021-05-14T06:11:18.232Z] [worker-pool] submitWork(triggerId=) {"metadata":{"emulator":{"name":"functions"},"message":"[worker-pool] submitWork(triggerId=)"}}
[debug] [2021-05-14T06:11:18.233Z] [worker-~diagnostic~-5b8cdcdb-19dc-4369-8556-25a459dc38b6]: Assigning socketPath: \\?\pipe\E:\Projects\Web\bookmbo\functions\12200 {"metadata":{"emulator":{"name":"functions"},"message":"[worker-~diagnostic~-5b8cdcdb-19dc-4369-8556-25a459dc38b6]: Assigning socketPath: \\\\?\\pipe\\E:\\Projects\\Web\\bookmbo\\functions\\12200"}}
[debug] [2021-05-14T06:11:18.234Z] [worker-~diagnostic~-5b8cdcdb-19dc-4369-8556-25a459dc38b6]: BUSY {"metadata":{"emulator":{"name":"functions"},"message":"[worker-~diagnostic~-5b8cdcdb-19dc-4369-8556-25a459dc38b6]: BUSY"}}
[debug] [2021-05-14T06:11:18.462Z] [runtime-status] [12200] Functions runtime initialized. {"cwd":"E:\\Projects\\Web\\bookmbo\\functions","node_version":"16.1.0"} {"metadata":{"emulator":{"name":"functions"},"message":"[runtime-status] [12200] Functions runtime initialized. {\"cwd\":\"E:\\\\Projects\\\\Web\\\\bookmbo\\\\functions\",\"node_version\":\"16.1.0\"}"}}
[debug] [2021-05-14T06:11:18.462Z] [runtime-status] [12200] Disabled runtime features: undefined {"metadata":{"emulator":{"name":"functions"},"message":"[runtime-status] [12200] Disabled runtime features: undefined"}}
[debug] [2021-05-14T06:11:18.474Z] [runtime-status] [12200] Resolved module firebase-admin {"declared":true,"installed":true,"version":"9.8.0","resolution":"E:\\Projects\\Web\\bookmbo\\functions\\node_modules\\firebase-admin\\lib\\index.js"} {"metadata":{"emulator":{"name":"functions"},"message":"[runtime-status] [12200] Resolved module firebase-admin {\"declared\":true,\"installed\":true,\"version\":\"9.8.0\",\"resolution\":\"E:\\\\Projects\\\\Web\\\\bookmbo\\\\functions\\\\node_modules\\\\firebase-admin\\\\lib\\\\index.js\"}"}}
[debug] [2021-05-14T06:11:18.486Z] [runtime-status] [12200] Resolved module firebase-functions {"declared":true,"installed":true,"version":"3.14.0","resolution":"E:\\Projects\\Web\\bookmbo\\functions\\node_modules\\firebase-functions\\lib\\index.js"} {"metadata":{"emulator":{"name":"functions"},"message":"[runtime-status] [12200] Resolved module firebase-functions {\"declared\":true,\"installed\":true,\"version\":\"3.14.0\",\"resolution\":\"E:\\\\Projects\\\\Web\\\\bookmbo\\\\functions\\\\node_modules\\\\firebase-functions\\\\lib\\\\index.js\"}"}}
[debug] [2021-05-14T06:11:18.488Z] [runtime-status] [12200] Resolved module firebase-functions {"declared":true,"installed":true,"version":"3.14.0","resolution":"E:\\Projects\\Web\\bookmbo\\functions\\node_modules\\firebase-functions\\lib\\index.js"} {"metadata":{"emulator":{"name":"functions"},"message":"[runtime-status] [12200] Resolved module firebase-functions {\"declared\":true,\"installed\":true,\"version\":\"3.14.0\",\"resolution\":\"E:\\\\Projects\\\\Web\\\\bookmbo\\\\functions\\\\node_modules\\\\firebase-functions\\\\lib\\\\index.js\"}"}}
[debug] [2021-05-14T06:11:18.489Z] [runtime-status] [12200] Outgoing network have been stubbed. [{"name":"http","status":"mocked"},{"name":"http","status":"mocked"},{"name":"https","status":"mocked"},{"name":"https","status":"mocked"},{"name":"net","status":"mocked"}] {"metadata":{"emulator":{"name":"functions"},"message":"[runtime-status] [12200] Outgoing network have been stubbed. [{\"name\":\"http\",\"status\":\"mocked\"},{\"name\":\"http\",\"status\":\"mocked\"},{\"name\":\"https\",\"status\":\"mocked\"},{\"name\":\"https\",\"status\":\"mocked\"},{\"name\":\"net\",\"status\":\"mocked\"}]"}}
[debug] [2021-05-14T06:11:18.490Z] [runtime-status] [12200] Resolved module firebase-functions {"declared":true,"installed":true,"version":"3.14.0","resolution":"E:\\Projects\\Web\\bookmbo\\functions\\node_modules\\firebase-functions\\lib\\index.js"} {"metadata":{"emulator":{"name":"functions"},"message":"[runtime-status] [12200] Resolved module firebase-functions {\"declared\":true,\"installed\":true,\"version\":\"3.14.0\",\"resolution\":\"E:\\\\Projects\\\\Web\\\\bookmbo\\\\functions\\\\node_modules\\\\firebase-functions\\\\lib\\\\index.js\"}"}}
[debug] [2021-05-14T06:11:19.098Z] [runtime-status] [12200] Checked functions.config() {"config":{}} {"metadata":{"emulator":{"name":"functions"},"message":"[runtime-status] [12200] Checked functions.config() {\"config\":{}}"}}
[debug] [2021-05-14T06:11:19.099Z] [runtime-status] [12200] firebase-functions has been stubbed. {"functionsResolution":{"declared":true,"installed":true,"version":"3.14.0","resolution":"E:\\Projects\\Web\\bookmbo\\functions\\node_modules\\firebase-functions\\lib\\index.js"}} {"metadata":{"emulator":{"name":"functions"},"message":"[runtime-status] [12200] firebase-functions has been stubbed. {\"functionsResolution\":{\"declared\":true,\"installed\":true,\"version\":\"3.14.0\",\"resolution\":\"E:\\\\Projects\\\\Web\\\\bookmbo\\\\functions\\\\node_modules\\\\firebase-functions\\\\lib\\\\index.js\"}}"}}
[debug] [2021-05-14T06:11:19.099Z] [runtime-status] [12200] Resolved module firebase-functions {"declared":true,"installed":true,"version":"3.14.0","resolution":"E:\\Projects\\Web\\bookmbo\\functions\\node_modules\\firebase-functions\\lib\\index.js"} {"metadata":{"emulator":{"name":"functions"},"message":"[runtime-status] [12200] Resolved module firebase-functions {\"declared\":true,\"installed\":true,\"version\":\"3.14.0\",\"resolution\":\"E:\\\\Projects\\\\Web\\\\bookmbo\\\\functions\\\\node_modules\\\\firebase-functions\\\\lib\\\\index.js\"}"}}
[debug] [2021-05-14T06:11:19.102Z] [runtime-status] [12200] Resolved module firebase-admin {"declared":true,"installed":true,"version":"9.8.0","resolution":"E:\\Projects\\Web\\bookmbo\\functions\\node_modules\\firebase-admin\\lib\\index.js"} {"metadata":{"emulator":{"name":"functions"},"message":"[runtime-status] [12200] Resolved module firebase-admin {\"declared\":true,\"installed\":true,\"version\":\"9.8.0\",\"resolution\":\"E:\\\\Projects\\\\Web\\\\bookmbo\\\\functions\\\\node_modules\\\\firebase-admin\\\\lib\\\\index.js\"}"}}
[debug] [2021-05-14T06:11:19.103Z] [runtime-status] [12200] Resolved module firebase-functions {"declared":true,"installed":true,"version":"3.14.0","resolution":"E:\\Projects\\Web\\bookmbo\\functions\\node_modules\\firebase-functions\\lib\\index.js"} {"metadata":{"emulator":{"name":"functions"},"message":"[runtime-status] [12200] Resolved module firebase-functions {\"declared\":true,\"installed\":true,\"version\":\"3.14.0\",\"resolution\":\"E:\\\\Projects\\\\Web\\\\bookmbo\\\\functions\\\\node_modules\\\\firebase-functions\\\\lib\\\\index.js\"}"}}
[debug] [2021-05-14T06:11:19.104Z] [runtime-status] [12200] firebase-admin has been stubbed. {"adminResolution":{"declared":true,"installed":true,"version":"9.8.0","resolution":"E:\\Projects\\Web\\bookmbo\\functions\\node_modules\\firebase-admin\\lib\\index.js"}} {"metadata":{"emulator":{"name":"functions"},"message":"[runtime-status] [12200] firebase-admin has been stubbed. {\"adminResolution\":{\"declared\":true,\"installed\":true,\"version\":\"9.8.0\",\"resolution\":\"E:\\\\Projects\\\\Web\\\\bookmbo\\\\functions\\\\node_modules\\\\firebase-admin\\\\lib\\\\index.js\"}}"}}
[info] +  functions[api]: http function initialized (http://localhost:5001/bookmbo/us-central1/api). {"metadata":{"emulator":{"name":"functions"},"message":"\u001b[1mhttp\u001b[22m function initialized (http://localhost:5001/bookmbo/us-central1/api)."}}
[info] 
┌─────────────────────────────────────────────────────────────┐
│ ✔  All emulators ready! It is now safe to connect your app. │
│ i  View Emulator UI at http://localhost:4001                │
└─────────────────────────────────────────────────────────────┘

┌───────────┬────────────────┬─────────────────────────────────┐
│ Emulator  │ Host:Port      │ View in Emulator UI             │
├───────────┼────────────────┼─────────────────────────────────┤
│ Functions │ localhost:5001 │ http://localhost:4001/functions │
└───────────┴────────────────┴─────────────────────────────────┘
  Emulator Hub running at localhost:4400
  Other reserved ports: 4500

Issues? Report them at https://github.com/firebase/firebase-tools/issues and attach the *-debug.log files.
 
[debug] [2021-05-14T06:11:20.112Z] [worker-~diagnostic~-5b8cdcdb-19dc-4369-8556-25a459dc38b6]: IDLE {"metadata":{"emulator":{"name":"functions"},"message":"[worker-~diagnostic~-5b8cdcdb-19dc-4369-8556-25a459dc38b6]: IDLE"}}
[debug] [2021-05-14T06:11:35.083Z] [work-queue] {"queueLength":1,"workRunningCount":0}
[debug] [2021-05-14T06:11:35.083Z] [work-queue] {"queueLength":0,"workRunningCount":1}
[debug] [2021-05-14T06:11:35.083Z] Accepted request POST /bookmbo/us-central1/api/payments/create?total=2100 --> api
[debug] [2021-05-14T06:11:35.092Z] [worker-pool] addWorker(api) {"metadata":{"emulator":{"name":"functions"},"message":"[worker-pool] addWorker(api)"}}
[debug] [2021-05-14T06:11:35.093Z] [worker-pool] Adding worker with key api, total=1 {"metadata":{"emulator":{"name":"functions"},"message":"[worker-pool] Adding worker with key api, total=1"}}
[debug] [2021-05-14T06:11:35.093Z] [worker-pool] submitWork(triggerId=api) {"metadata":{"emulator":{"name":"functions"},"message":"[worker-pool] submitWork(triggerId=api)"}}
[debug] [2021-05-14T06:11:35.093Z] [worker-api-655f75f3-f9fd-49e3-8957-a41fb8e4bbb4]: Assigning socketPath: \\?\pipe\E:\Projects\Web\bookmbo\functions\16128 {"metadata":{"emulator":{"name":"functions"},"message":"[worker-api-655f75f3-f9fd-49e3-8957-a41fb8e4bbb4]: Assigning socketPath: \\\\?\\pipe\\E:\\Projects\\Web\\bookmbo\\functions\\16128"}}
[debug] [2021-05-14T06:11:35.094Z] [worker-api-655f75f3-f9fd-49e3-8957-a41fb8e4bbb4]: BUSY {"metadata":{"emulator":{"name":"functions"},"message":"[worker-api-655f75f3-f9fd-49e3-8957-a41fb8e4bbb4]: BUSY"}}
[debug] [2021-05-14T06:11:35.429Z] [runtime-status] [16128] Functions runtime initialized. {"cwd":"E:\\Projects\\Web\\bookmbo\\functions","node_version":"16.1.0"} {"metadata":{"emulator":{"name":"functions"},"function":{"name":"api"},"message":"[runtime-status] [16128] Functions runtime initialized. {\"cwd\":\"E:\\\\Projects\\\\Web\\\\bookmbo\\\\functions\",\"node_version\":\"16.1.0\"}"}}
[debug] [2021-05-14T06:11:35.431Z] [runtime-status] [16128] Disabled runtime features: undefined {"metadata":{"emulator":{"name":"functions"},"function":{"name":"api"},"message":"[runtime-status] [16128] Disabled runtime features: undefined"}}
[debug] [2021-05-14T06:11:35.436Z] [runtime-status] [16128] Resolved module firebase-admin {"declared":true,"installed":true,"version":"9.8.0","resolution":"E:\\Projects\\Web\\bookmbo\\functions\\node_modules\\firebase-admin\\lib\\index.js"} {"metadata":{"emulator":{"name":"functions"},"function":{"name":"api"},"message":"[runtime-status] [16128] Resolved module firebase-admin {\"declared\":true,\"installed\":true,\"version\":\"9.8.0\",\"resolution\":\"E:\\\\Projects\\\\Web\\\\bookmbo\\\\functions\\\\node_modules\\\\firebase-admin\\\\lib\\\\index.js\"}"}}
[debug] [2021-05-14T06:11:35.438Z] [runtime-status] [16128] Resolved module firebase-functions {"declared":true,"installed":true,"version":"3.14.0","resolution":"E:\\Projects\\Web\\bookmbo\\functions\\node_modules\\firebase-functions\\lib\\index.js"} {"metadata":{"emulator":{"name":"functions"},"function":{"name":"api"},"message":"[runtime-status] [16128] Resolved module firebase-functions {\"declared\":true,\"installed\":true,\"version\":\"3.14.0\",\"resolution\":\"E:\\\\Projects\\\\Web\\\\bookmbo\\\\functions\\\\node_modules\\\\firebase-functions\\\\lib\\\\index.js\"}"}}
[debug] [2021-05-14T06:11:35.441Z] [runtime-status] [16128] Resolved module firebase-functions {"declared":true,"installed":true,"version":"3.14.0","resolution":"E:\\Projects\\Web\\bookmbo\\functions\\node_modules\\firebase-functions\\lib\\index.js"} {"metadata":{"emulator":{"name":"functions"},"function":{"name":"api"},"message":"[runtime-status] [16128] Resolved module firebase-functions {\"declared\":true,\"installed\":true,\"version\":\"3.14.0\",\"resolution\":\"E:\\\\Projects\\\\Web\\\\bookmbo\\\\functions\\\\node_modules\\\\firebase-functions\\\\lib\\\\index.js\"}"}}
[debug] [2021-05-14T06:11:35.444Z] [runtime-status] [16128] Outgoing network have been stubbed. [{"name":"http","status":"mocked"},{"name":"http","status":"mocked"},{"name":"https","status":"mocked"},{"name":"https","status":"mocked"},{"name":"net","status":"mocked"}] {"metadata":{"emulator":{"name":"functions"},"function":{"name":"api"},"message":"[runtime-status] [16128] Outgoing network have been stubbed. [{\"name\":\"http\",\"status\":\"mocked\"},{\"name\":\"http\",\"status\":\"mocked\"},{\"name\":\"https\",\"status\":\"mocked\"},{\"name\":\"https\",\"status\":\"mocked\"},{\"name\":\"net\",\"status\":\"mocked\"}]"}}
[debug] [2021-05-14T06:11:35.444Z] [runtime-status] [16128] Resolved module firebase-functions {"declared":true,"installed":true,"version":"3.14.0","resolution":"E:\\Projects\\Web\\bookmbo\\functions\\node_modules\\firebase-functions\\lib\\index.js"} {"metadata":{"emulator":{"name":"functions"},"function":{"name":"api"},"message":"[runtime-status] [16128] Resolved module firebase-functions {\"declared\":true,\"installed\":true,\"version\":\"3.14.0\",\"resolution\":\"E:\\\\Projects\\\\Web\\\\bookmbo\\\\functions\\\\node_modules\\\\firebase-functions\\\\lib\\\\index.js\"}"}}
[debug] [2021-05-14T06:11:35.518Z] [runtime-status] [16128] Checked functions.config() {"config":{}} {"metadata":{"emulator":{"name":"functions"},"function":{"name":"api"},"message":"[runtime-status] [16128] Checked functions.config() {\"config\":{}}"}}
[debug] [2021-05-14T06:11:35.519Z] [runtime-status] [16128] firebase-functions has been stubbed. {"functionsResolution":{"declared":true,"installed":true,"version":"3.14.0","resolution":"E:\\Projects\\Web\\bookmbo\\functions\\node_modules\\firebase-functions\\lib\\index.js"}} {"metadata":{"emulator":{"name":"functions"},"function":{"name":"api"},"message":"[runtime-status] [16128] firebase-functions has been stubbed. {\"functionsResolution\":{\"declared\":true,\"installed\":true,\"version\":\"3.14.0\",\"resolution\":\"E:\\\\Projects\\\\Web\\\\bookmbo\\\\functions\\\\node_modules\\\\firebase-functions\\\\lib\\\\index.js\"}}"}}
[debug] [2021-05-14T06:11:35.520Z] [runtime-status] [16128] Resolved module firebase-functions {"declared":true,"installed":true,"version":"3.14.0","resolution":"E:\\Projects\\Web\\bookmbo\\functions\\node_modules\\firebase-functions\\lib\\index.js"} {"metadata":{"emulator":{"name":"functions"},"function":{"name":"api"},"message":"[runtime-status] [16128] Resolved module firebase-functions {\"declared\":true,\"installed\":true,\"version\":\"3.14.0\",\"resolution\":\"E:\\\\Projects\\\\Web\\\\bookmbo\\\\functions\\\\node_modules\\\\firebase-functions\\\\lib\\\\index.js\"}"}}
[debug] [2021-05-14T06:11:35.522Z] [runtime-status] [16128] Resolved module firebase-admin {"declared":true,"installed":true,"version":"9.8.0","resolution":"E:\\Projects\\Web\\bookmbo\\functions\\node_modules\\firebase-admin\\lib\\index.js"} {"metadata":{"emulator":{"name":"functions"},"function":{"name":"api"},"message":"[runtime-status] [16128] Resolved module firebase-admin {\"declared\":true,\"installed\":true,\"version\":\"9.8.0\",\"resolution\":\"E:\\\\Projects\\\\Web\\\\bookmbo\\\\functions\\\\node_modules\\\\firebase-admin\\\\lib\\\\index.js\"}"}}
[debug] [2021-05-14T06:11:35.523Z] [runtime-status] [16128] Resolved module firebase-functions {"declared":true,"installed":true,"version":"3.14.0","resolution":"E:\\Projects\\Web\\bookmbo\\functions\\node_modules\\firebase-functions\\lib\\index.js"} {"metadata":{"emulator":{"name":"functions"},"function":{"name":"api"},"message":"[runtime-status] [16128] Resolved module firebase-functions {\"declared\":true,\"installed\":true,\"version\":\"3.14.0\",\"resolution\":\"E:\\\\Projects\\\\Web\\\\bookmbo\\\\functions\\\\node_modules\\\\firebase-functions\\\\lib\\\\index.js\"}"}}
[debug] [2021-05-14T06:11:35.523Z] [runtime-status] [16128] firebase-admin has been stubbed. {"adminResolution":{"declared":true,"installed":true,"version":"9.8.0","resolution":"E:\\Projects\\Web\\bookmbo\\functions\\node_modules\\firebase-admin\\lib\\index.js"}} {"metadata":{"emulator":{"name":"functions"},"function":{"name":"api"},"message":"[runtime-status] [16128] firebase-admin has been stubbed. {\"adminResolution\":{\"declared\":true,\"installed\":true,\"version\":\"9.8.0\",\"resolution\":\"E:\\\\Projects\\\\Web\\\\bookmbo\\\\functions\\\\node_modules\\\\firebase-admin\\\\lib\\\\index.js\"}}"}}
[debug] [2021-05-14T06:11:35.792Z] [runtime-status] [16128] Trigger "api" has been found, beginning invocation! {"metadata":{"emulator":{"name":"functions"},"function":{"name":"api"},"message":"[runtime-status] [16128] Trigger \"api\" has been found, beginning invocation!"}}
[info] i  functions: Beginning execution of "api" {"metadata":{"emulator":{"name":"functions"},"function":{"name":"api"},"message":"Beginning execution of \"api\""}}
[debug] [2021-05-14T06:11:35.794Z] [runtime-status] [16128] triggerDefinition {"httpsTrigger":{},"name":"api","entryPoint":"api"} {"metadata":{"emulator":{"name":"functions"},"function":{"name":"api"},"message":"[runtime-status] [16128] triggerDefinition {\"httpsTrigger\":{},\"name\":\"api\",\"entryPoint\":\"api\"}"}}
[debug] [2021-05-14T06:11:35.794Z] [runtime-status] [16128] Running api in mode HTTPS {"metadata":{"emulator":{"name":"functions"},"function":{"name":"api"},"message":"[runtime-status] [16128] Running api in mode HTTPS"}}
[debug] [2021-05-14T06:11:35.799Z] [runtime-status] [16128] Attempting to listen to socketPath: \\?\pipe\E:\Projects\Web\bookmbo\functions\16128 {"metadata":{"emulator":{"name":"functions"},"function":{"name":"api"},"message":"[runtime-status] [16128] Attempting to listen to socketPath: \\\\?\\pipe\\E:\\Projects\\Web\\bookmbo\\functions\\16128"}}
[debug] [2021-05-14T06:11:35.803Z] [functions] Runtime ready! Sending request! {"metadata":{"emulator":{"name":"functions"},"message":"[functions] Runtime ready! Sending request!"}}
[debug] [2021-05-14T06:11:35.804Z] [functions] Got req.url=/bookmbo/us-central1/api/payments/create?total=2100, mapping to path=/payments/create?total=2100 {"metadata":{"emulator":{"name":"functions"},"message":"[functions] Got req.url=/bookmbo/us-central1/api/payments/create?total=2100, mapping to path=/payments/create?total=2100"}}
[debug] [2021-05-14T06:11:35.814Z] [runtime-status] [16128] Ephemeral server handling POST request {"metadata":{"emulator":{"name":"functions"},"function":{"name":"api"},"message":"[runtime-status] [16128] Ephemeral server handling POST request"}}
[info] >  Payment Request Recieved BOOM!!! for this amount >>>  2100 {"user":"Payment Request Recieved BOOM!!! for this amount >>>  2100","metadata":{"emulator":{"name":"functions"},"function":{"name":"api"},"message":"\u001b[90m> \u001b[39m Payment Request Recieved BOOM!!! for this amount >>>  2100"}}
[debug] [2021-05-14T06:11:35.833Z] [runtime-status] [16128] Ephemeral server survived. {"metadata":{"emulator":{"name":"functions"},"function":{"name":"api"},"message":"[runtime-status] [16128] Ephemeral server survived."}}
[info] i  functions: Finished "api" in ~1s {"metadata":{"emulator":{"name":"functions"},"function":{"name":"api"},"message":"Finished \"api\" in ~1s"}}
[debug] [2021-05-14T06:11:36.593Z] [worker-api-655f75f3-f9fd-49e3-8957-a41fb8e4bbb4]: IDLE {"metadata":{"emulator":{"name":"functions"},"message":"[worker-api-655f75f3-f9fd-49e3-8957-a41fb8e4bbb4]: IDLE"}}
[debug] [2021-05-14T06:11:36.594Z] [work-queue] {"queueLength":0,"workRunningCount":0}
